Pid [42271010] | File[tran.c] Function[_dealTran] Line[43] | Message :
Time [2015/12/14-11:09:14.407444] | INFO>> *******************请求流程开始******************* 
Pid [42271010] | File[item.c] Function[initTranDesc] Line[154] | Message :
Time [2015/12/14-11:09:14.407567] | INFO>> 交易描述结构分配内存成功 
Pid [42271010] | File[item.c] Function[initTranDesc] Line[171] | Message :
Time [2015/12/14-11:09:14.407586] | INFO>> 域描述结构分配内存成功 
Pid [42271010] | File[item.c] Function[initTranDesc] Line[182] | Message :
Time [2015/12/14-11:09:14.407603] | INFO>> 数据存储区分配内存成功 
Pid [42271010] | File[item.c] Function[fillFieldInfo] Line[124] | Message :
Time [2015/12/14-11:09:14.407654] | INFO>> tranDesc->fielddesc新地址2000ff68, 重新分配空间后大小为3072 
Pid [42271010] | File[item.c] Function[fillFieldInfo] Line[124] | Message :
Time [2015/12/14-11:09:14.407701] | INFO>> tranDesc->fielddesc新地址2000ff68, 重新分配空间后大小为4608 
Pid [42271010] | File[item.c] Function[initTranDesc] Line[197] | Message :
Time [2015/12/14-11:09:14.407718] | INFO>> 初始化域信息成功 
Pid [42271010] | File[tran.c] Function[_dealTran] Line[89] | Message :
Time [2015/12/14-11:09:14.407841] | INFO>> 位图 
Displacement  +00+01+02+03+04+05+06+07+08+09+10+11+12+13+14+15+  ++ASCII  Value++
00000(00000)   FE 41 00 00 00 00 00 00 00 00 80 00 00 00 00 00   A*************
Pid [42271010] | File[tran.c] Function[_dealTran] Line[90] | Message :
Time [2015/12/14-11:09:14.408497] | INFO>> 报文内容 
Displacement  +00+01+02+03+04+05+06+07+08+09+10+11+12+13+14+15+  ++ASCII  Value++
00000(00000)   30 30 30 30 30 31 39 39 30 30 20 20 20 20 20 20   0000019900      
00016(00010)   20 20 20 20 20 20 20 20 20 20 20 20 20 20 20 20                   
00032(00020)   20 20 20 20 20 20 20 20 20 20 20 20 20 20 20 20                   
00048(00030)   20 20 20 20 20 20 20 20 20 20 20 20 20 20 20 20                   
00064(00040)   20 20 20 20 20 20 20 20 20 20 20 20 FE 41 00 00               A**
00080(00050)   00 00 00 00 00 00 80 00 00 00 00 00 37 30 30 32   ***********7002
00096(00060)   30 37 30 30 32 30 30 31 32 33 34 35 36 37 38 32   0700200123456782
00112(00070)   30 31 35 31 31 32 37 31 30 34 39 31 31 36 30 30   0151127104911600
00128(00080)   30 30 37 20 20 20 20 30 30 30 30 30 30 30 30 33   007    000000003
00144(00090)   36 30 32 20 20 20 20 20 20 20 20 20 20 20 20 20   602             
00160(000A0)   20 20 20 20 20 20 20 20 20 20 20 20 20 20 20 20                   
00176(000B0)   20 20 20 20 20 20 20 20 20 20 20 20 20 20 20 20                   
00192(000C0)   20 20 20 20 20 20 20 20 20 20 20 20 38 38 38                  888
Pid [42271010] | File[socket.c] Function[getSockInfo] Line[125] | Message :
Time [2015/12/14-11:09:14.408767] | INFO>> 本地地址端口:ip=[188.177.155.25], port=[48782] 
Pid [42271010] | File[tran.c] Function[_dealTran] Line[132] | Message :
Time [2015/12/14-11:09:14.408793] | INFO>> *******************请求流程结束******************* 
Pid [42271010] | File[tran.c] Function[_dealTran] Line[134] | Message :
Time [2015/12/14-11:09:14.408809] | INFO>> *******************应答流程开始******************* 
Pid [42271010] | File[socket.c] Function[sockRecv] Line[81] | Message :
Time [2015/12/14-11:09:14.448844] | INFO>> iDataLen[204], iHeadLen[8], iReadLen[212] 
Pid [42271010] | File[socket.c] Function[sockRecv] Line[85] | Message :
Time [2015/12/14-11:09:14.448863] | INFO>> 接收到的报文: 
Displacement  +00+01+02+03+04+05+06+07+08+09+10+11+12+13+14+15+  ++ASCII  Value++
00000(00000)   30 30 30 30 30 32 30 34 30 30 20 20 20 20 20 20   0000020400      
00016(00010)   20 20 20 20 20 20 20 20 20 20 20 20 20 20 20 20                   
00032(00020)   20 20 20 20 20 20 20 20 20 20 20 20 20 20 20 20                   
00048(00030)   20 20 20 20 20 20 20 20 20 20 20 20 20 20 20 20                   
00064(00040)   20 20 20 20 20 20 20 20 20 20 20 20 FE 59 00 00               Y**
00080(00050)   00 00 00 00 00 00 00 00 00 00 00 04 37 30 30 32   ************7002
00096(00060)   30 37 30 30 32 30 30 31 32 33 34 35 36 37 38 32   0700200123456782
00112(00070)   30 31 35 31 32 31 34 31 31 30 39 31 34 36 30 30   0151214110914600
00128(00080)   30 30 37 20 20 20 20 30 30 30 30 30 30 30 30 30   007    000000000
00144(00090)   30 30 30 20 20 20 20 20 20 20 20 20 20 20 20 20   000             
00160(000A0)   20 20 20 20 20 20 20 20 20 20 20 20 20 20 20 20                   
00176(000B0)   20 20 20 20 20 20 20 20 20 20 20 20 20 20 20 20                   
00192(000C0)   20 20 20 20 20 33 36 30 32 30 30 38 31 32 30 35        36020081205
00208(000D0)   32 37 31 39                                       2719
Pid [42271010] | File[tran.c] Function[doUnPackTran] Line[310] | Message :
Time [2015/12/14-11:09:14.448997] | INFO>> 8583报文传入长度[136] 
Pid [42271010] | File[tran.c] Function[doUnPackTran] Line[364] | Message :
Time [2015/12/14-11:09:14.449026] | INFO>> 8583报文实际解包长度长度[136] 
Pid [42271010] | File[tran.c] Function[_dealTran] Line[181] | Message :
Time [2015/12/14-11:09:14.449042] | INFO>> 0000 
Pid [42271010] | File[item.c] Function[printTranDesc] Line[435] | Message :
Time [2015/12/14-11:09:14.449081] | INFO>> 域[2] 
Displacement  +00+01+02+03+04+05+06+07+08+09+10+11+12+13+14+15+  ++ASCII  Value++
00000(00000)   37 30 30 32 30                                    70020
Pid [42271010] | File[item.c] Function[printTranDesc] Line[435] | Message :
Time [2015/12/14-11:09:14.449138] | INFO>> 域[3] 
Displacement  +00+01+02+03+04+05+06+07+08+09+10+11+12+13+14+15+  ++ASCII  Value++
00000(00000)   37 30 30 32 30                                    70020
Pid [42271010] | File[item.c] Function[printTranDesc] Line[435] | Message :
Time [2015/12/14-11:09:14.449193] | INFO>> 域[4] 
Displacement  +00+01+02+03+04+05+06+07+08+09+10+11+12+13+14+15+  ++ASCII  Value++
00000(00000)   30 31 32 33 34 35 36 37 38                        012345678
Pid [42271010] | File[item.c] Function[printTranDesc] Line[435] | Message :
Time [2015/12/14-11:09:14.449249] | INFO>> 域[5] 
Displacement  +00+01+02+03+04+05+06+07+08+09+10+11+12+13+14+15+  ++ASCII  Value++
00000(00000)   32 30 31 35 31 32 31 34                           20151214
Pid [42271010] | File[item.c] Function[printTranDesc] Line[435] | Message :
Time [2015/12/14-11:09:14.449317] | INFO>> 域[6] 
Displacement  +00+01+02+03+04+05+06+07+08+09+10+11+12+13+14+15+  ++ASCII  Value++
00000(00000)   31 31 30 39 31 34                                 110914
Pid [42271010] | File[item.c] Function[printTranDesc] Line[435] | Message :
Time [2015/12/14-11:09:14.449375] | INFO>> 域[7] 
Displacement  +00+01+02+03+04+05+06+07+08+09+10+11+12+13+14+15+  ++ASCII  Value++
00000(00000)   36 30 30 30 30 37                                 600007
Pid [42271010] | File[item.c] Function[printTranDesc] Line[435] | Message :
Time [2015/12/14-11:09:14.449430] | INFO>> 域[10] 
Displacement  +00+01+02+03+04+05+06+07+08+09+10+11+12+13+14+15+  ++ASCII  Value++
00000(00000)   20 20 20 20 30 30 30 30 30 30 30 30                   00000000
Pid [42271010] | File[item.c] Function[printTranDesc] Line[435] | Message :
Time [2015/12/14-11:09:14.449486] | INFO>> 域[12] 
Displacement  +00+01+02+03+04+05+06+07+08+09+10+11+12+13+14+15+  ++ASCII  Value++
00000(00000)   30 30 30 30                                       0000
Pid [42271010] | File[item.c] Function[printTranDesc] Line[435] | Message :
Time [2015/12/14-11:09:14.449541] | INFO>> 域[13] 
Displacement  +00+01+02+03+04+05+06+07+08+09+10+11+12+13+14+15+  ++ASCII  Value++
00000(00000)   20 20 20 20 20 20 20 20 20 20 20 20 20 20 20 20                   
00016(00010)   20 20 20 20 20 20 20 20 20 20 20 20 20 20 20 20                   
00032(00020)   20 20 20 20 20 20 20 20 20 20 20 20 20 20 20 20                   
00048(00030)   20 20                                               
Pid [42271010] | File[item.c] Function[printTranDesc] Line[435] | Message :
Time [2015/12/14-11:09:14.449615] | INFO>> 域[16] 
Displacement  +00+01+02+03+04+05+06+07+08+09+10+11+12+13+14+15+  ++ASCII  Value++
00000(00000)   33 36 30 32                                       3602
Pid [42271010] | File[item.c] Function[printTranDesc] Line[435] | Message :
Time [2015/12/14-11:09:14.449671] | INFO>> 域[126] 
Displacement  +00+01+02+03+04+05+06+07+08+09+10+11+12+13+14+15+  ++ASCII  Value++
00000(00000)   31 32 30 35 32 37 31 39                           12052719
Pid [42271010] | File[item.c] Function[destoryTranDesc] Line[221] | Message :
Time [2015/12/14-11:09:14.449735] | INFO>> 释放域内存成功 
Pid [42271010] | File[item.c] Function[destoryTranDesc] Line[229] | Message :
Time [2015/12/14-11:09:14.449751] | INFO>> 释放域值内存成功 
Pid [42271010] | File[item.c] Function[destoryTranDesc] Line[237] | Message :
Time [2015/12/14-11:09:14.449766] | INFO>> 释放交易内存成功 
Pid [42271010] | File[tran.c] Function[_dealTran] Line[195] | Message :
Time [2015/12/14-11:09:14.449781] | INFO>> *******************应答流程结束******************* 
