Pid [46006460] | File[tran.c] Function[_dealTran] Line[43] | Message :
Time [2015/12/14-10:17:03.279626] | INFO>> *******************请求流程开始******************* 
Pid [46006460] | File[item.c] Function[initTranDesc] Line[154] | Message :
Time [2015/12/14-10:17:03.279744] | INFO>> 交易描述结构分配内存成功 
Pid [46006460] | File[item.c] Function[initTranDesc] Line[171] | Message :
Time [2015/12/14-10:17:03.279763] | INFO>> 域描述结构分配内存成功 
Pid [46006460] | File[item.c] Function[initTranDesc] Line[182] | Message :
Time [2015/12/14-10:17:03.279780] | INFO>> 数据存储区分配内存成功 
Pid [46006460] | File[item.c] Function[fillFieldInfo] Line[124] | Message :
Time [2015/12/14-10:17:03.279834] | INFO>> tranDesc->fielddesc新地址2000ff68, 重新分配空间后大小为3072 
Pid [46006460] | File[item.c] Function[fillFieldInfo] Line[124] | Message :
Time [2015/12/14-10:17:03.279882] | INFO>> tranDesc->fielddesc新地址2000ff68, 重新分配空间后大小为4608 
Pid [46006460] | File[item.c] Function[initTranDesc] Line[197] | Message :
Time [2015/12/14-10:17:03.279898] | INFO>> 初始化域信息成功 
Pid [46006460] | File[tran.c] Function[_dealTran] Line[89] | Message :
Time [2015/12/14-10:17:03.280031] | INFO>> 位图 
Displacement  +00+01+02+03+04+05+06+07+08+09+10+11+12+13+14+15+  ++ASCII  Value++
00000(00000)   FE 41 00 00 00 18 00 00 30 00 00 00 00 00 00 00   A******0*******
Pid [46006460] | File[tran.c] Function[_dealTran] Line[90] | Message :
Time [2015/12/14-10:17:03.280668] | INFO>> 报文内容 
Displacement  +00+01+02+03+04+05+06+07+08+09+10+11+12+13+14+15+  ++ASCII  Value++
00000(00000)   30 30 30 30 30 31 35 37 30 30 20 20 20 20 20 20   0000015700      
00016(00010)   20 20 20 20 20 20 20 20 20 20 20 20 20 20 20 20                   
00032(00020)   20 20 20 20 20 20 20 20 20 20 20 20 20 20 20 20                   
00048(00030)   20 20 20 20 20 20 20 20 20 20 20 20 20 20 20 20                   
00064(00040)   20 20 20 20 20 20 20 20 20 20 20 20 FE 41 00 00               A**
00080(00050)   00 18 00 00 30 00 00 00 00 00 00 00 37 30 30 32   ****0*******7002
00096(00060)   30 37 30 30 32 30 30 31 32 33 34 35 36 37 38 32   0700200123456782
00112(00070)   30 31 35 31 31 31 36 31 30 34 39 31 31 36 30 30   0151116104911600
00128(00080)   30 30 37 20 20 20 20 30 30 30 30 30 30 30 30 33   007    000000003
00144(00090)   36 30 33 32 30 31 35 31 31 32 35 32 30 31 35 31   6032015112520151
00160(000A0)   31 32 36 20 20                                    126  
Pid [46006460] | File[socket.c] Function[getSockInfo] Line[125] | Message :
Time [2015/12/14-10:17:03.280909] | INFO>> 本地地址端口:ip=[188.177.155.25], port=[45806] 
Pid [46006460] | File[tran.c] Function[_dealTran] Line[132] | Message :
Time [2015/12/14-10:17:03.280934] | INFO>> *******************请求流程结束******************* 
Pid [46006460] | File[tran.c] Function[_dealTran] Line[134] | Message :
Time [2015/12/14-10:17:03.280950] | INFO>> *******************应答流程开始******************* 
Pid [46006460] | File[socket.c] Function[sockRecv] Line[81] | Message :
Time [2015/12/14-10:17:03.293439] | INFO>> iDataLen[264], iHeadLen[8], iReadLen[272] 
Pid [46006460] | File[socket.c] Function[sockRecv] Line[85] | Message :
Time [2015/12/14-10:17:03.293456] | INFO>> 接收到的报文: 
Displacement  +00+01+02+03+04+05+06+07+08+09+10+11+12+13+14+15+  ++ASCII  Value++
00000(00000)   30 30 30 30 30 32 36 34 30 30 20 20 20 20 20 20   0000026400      
00016(00010)   20 20 20 20 20 20 20 20 20 20 20 20 20 20 20 20                   
00032(00020)   20 20 20 20 20 20 20 20 20 20 20 20 20 20 20 20                   
00048(00030)   20 20 20 20 20 20 20 20 20 20 20 20 20 20 20 20                   
00064(00040)   20 20 20 20 20 20 20 20 20 20 20 20 FE 59 00 00               Y**
00080(00050)   00 00 00 00 00 00 80 00 00 00 00 04 37 30 30 32   ***********7002
00096(00060)   30 37 30 30 32 30 30 31 32 33 34 35 36 37 38 32   0700200123456782
00112(00070)   30 31 35 31 32 31 34 31 30 31 37 30 33 36 30 30   0151214101703600
00128(00080)   30 30 37 20 20 20 20 30 30 30 30 30 30 30 30 30   007    000000000
00144(00090)   30 30 30 20 20 20 20 20 20 20 20 20 20 20 20 20   000             
00160(000A0)   20 20 20 20 20 20 20 20 20 20 20 20 20 20 20 20                   
00176(000B0)   20 20 20 20 20 20 20 20 20 20 20 20 20 20 20 20                   
00192(000C0)   20 20 20 20 20 33 36 30 31 32 30 31 35 31 32 31        36012015121
00208(000D0)   34 31 32 30 35 32 37 31 38 2E 74 78 74 20 20 20   412052718.txt   
00224(000E0)   20 20 20 20 20 20 20 20 20 20 20 20 20 20 20 20                   
00240(000F0)   20 20 20 20 20 20 20 20 20 20 20 20 20 20 20 20                   
00256(00100)   20 20 20 20 20 30 30 38 31 32 30 35 32 37 31 38        00812052718
Pid [46006460] | File[tran.c] Function[doUnPackTran] Line[310] | Message :
Time [2015/12/14-10:17:03.293598] | INFO>> 8583报文传入长度[196] 
Pid [46006460] | File[tran.c] Function[doUnPackTran] Line[364] | Message :
Time [2015/12/14-10:17:03.293628] | INFO>> 8583报文实际解包长度长度[196] 
Pid [46006460] | File[tran.c] Function[_dealTran] Line[181] | Message :
Time [2015/12/14-10:17:03.293643] | INFO>> 0000 
Pid [46006460] | File[item.c] Function[printTranDesc] Line[435] | Message :
Time [2015/12/14-10:17:03.293682] | INFO>> 域[2] 
Displacement  +00+01+02+03+04+05+06+07+08+09+10+11+12+13+14+15+  ++ASCII  Value++
00000(00000)   37 30 30 32 30                                    70020
Pid [46006460] | File[item.c] Function[printTranDesc] Line[435] | Message :
Time [2015/12/14-10:17:03.293738] | INFO>> 域[3] 
Displacement  +00+01+02+03+04+05+06+07+08+09+10+11+12+13+14+15+  ++ASCII  Value++
00000(00000)   37 30 30 32 30                                    70020
Pid [46006460] | File[item.c] Function[printTranDesc] Line[435] | Message :
Time [2015/12/14-10:17:03.293793] | INFO>> 域[4] 
Displacement  +00+01+02+03+04+05+06+07+08+09+10+11+12+13+14+15+  ++ASCII  Value++
00000(00000)   30 31 32 33 34 35 36 37 38                        012345678
Pid [46006460] | File[item.c] Function[printTranDesc] Line[435] | Message :
Time [2015/12/14-10:17:03.293849] | INFO>> 域[5] 
Displacement  +00+01+02+03+04+05+06+07+08+09+10+11+12+13+14+15+  ++ASCII  Value++
00000(00000)   32 30 31 35 31 32 31 34                           20151214
Pid [46006460] | File[item.c] Function[printTranDesc] Line[435] | Message :
Time [2015/12/14-10:17:03.293904] | INFO>> 域[6] 
Displacement  +00+01+02+03+04+05+06+07+08+09+10+11+12+13+14+15+  ++ASCII  Value++
00000(00000)   31 30 31 37 30 33                                 101703
Pid [46006460] | File[item.c] Function[printTranDesc] Line[435] | Message :
Time [2015/12/14-10:17:03.293961] | INFO>> 域[7] 
Displacement  +00+01+02+03+04+05+06+07+08+09+10+11+12+13+14+15+  ++ASCII  Value++
00000(00000)   36 30 30 30 30 37                                 600007
Pid [46006460] | File[item.c] Function[printTranDesc] Line[435] | Message :
Time [2015/12/14-10:17:03.294017] | INFO>> 域[10] 
Displacement  +00+01+02+03+04+05+06+07+08+09+10+11+12+13+14+15+  ++ASCII  Value++
00000(00000)   20 20 20 20 30 30 30 30 30 30 30 30                   00000000
Pid [46006460] | File[item.c] Function[printTranDesc] Line[435] | Message :
Time [2015/12/14-10:17:03.294073] | INFO>> 域[12] 
Displacement  +00+01+02+03+04+05+06+07+08+09+10+11+12+13+14+15+  ++ASCII  Value++
00000(00000)   30 30 30 30                                       0000
Pid [46006460] | File[item.c] Function[printTranDesc] Line[435] | Message :
Time [2015/12/14-10:17:03.294128] | INFO>> 域[13] 
Displacement  +00+01+02+03+04+05+06+07+08+09+10+11+12+13+14+15+  ++ASCII  Value++
00000(00000)   20 20 20 20 20 20 20 20 20 20 20 20 20 20 20 20                   
00016(00010)   20 20 20 20 20 20 20 20 20 20 20 20 20 20 20 20                   
00032(00020)   20 20 20 20 20 20 20 20 20 20 20 20 20 20 20 20                   
00048(00030)   20 20                                               
Pid [46006460] | File[item.c] Function[printTranDesc] Line[435] | Message :
Time [2015/12/14-10:17:03.294192] | INFO>> 域[16] 
Displacement  +00+01+02+03+04+05+06+07+08+09+10+11+12+13+14+15+  ++ASCII  Value++
00000(00000)   33 36 30 31                                       3601
Pid [46006460] | File[item.c] Function[printTranDesc] Line[435] | Message :
Time [2015/12/14-10:17:03.294256] | INFO>> 域[81] 
Displacement  +00+01+02+03+04+05+06+07+08+09+10+11+12+13+14+15+  ++ASCII  Value++
00000(00000)   32 30 31 35 31 32 31 34 31 32 30 35 32 37 31 38   2015121412052718
00016(00010)   2E 74 78 74 20 20 20 20 20 20 20 20 20 20 20 20   .txt            
00032(00020)   20 20 20 20 20 20 20 20 20 20 20 20 20 20 20 20                   
00048(00030)   20 20 20 20 20 20 20 20 20 20 20 20                           
Pid [46006460] | File[item.c] Function[printTranDesc] Line[435] | Message :
Time [2015/12/14-10:17:03.294324] | INFO>> 域[126] 
Displacement  +00+01+02+03+04+05+06+07+08+09+10+11+12+13+14+15+  ++ASCII  Value++
00000(00000)   31 32 30 35 32 37 31 38                           12052718
Pid [46006460] | File[item.c] Function[destoryTranDesc] Line[221] | Message :
Time [2015/12/14-10:17:03.294379] | INFO>> 释放域内存成功 
Pid [46006460] | File[item.c] Function[destoryTranDesc] Line[229] | Message :
Time [2015/12/14-10:17:03.294395] | INFO>> 释放域值内存成功 
Pid [46006460] | File[item.c] Function[destoryTranDesc] Line[237] | Message :
Time [2015/12/14-10:17:03.294410] | INFO>> 释放交易内存成功 
Pid [46006460] | File[tran.c] Function[_dealTran] Line[195] | Message :
Time [2015/12/14-10:17:03.294425] | INFO>> *******************应答流程结束******************* 
