Pid [31785318] | File[tran.c] Function[_dealTran] Line[43] | Message :
Time [2015/12/10-17:09:06.596812] | INFO>> *******************请求流程开始******************* 
Pid [31785318] | File[item.c] Function[initTranDesc] Line[154] | Message :
Time [2015/12/10-17:09:06.596934] | INFO>> 交易描述结构分配内存成功 
Pid [31785318] | File[item.c] Function[initTranDesc] Line[171] | Message :
Time [2015/12/10-17:09:06.596953] | INFO>> 域描述结构分配内存成功 
Pid [31785318] | File[item.c] Function[initTranDesc] Line[182] | Message :
Time [2015/12/10-17:09:06.596970] | INFO>> 数据存储区分配内存成功 
Pid [31785318] | File[item.c] Function[fillFieldInfo] Line[124] | Message :
Time [2015/12/10-17:09:06.597027] | INFO>> tranDesc->fielddesc新地址2000ff68, 重新分配空间后大小为3072 
Pid [31785318] | File[item.c] Function[fillFieldInfo] Line[124] | Message :
Time [2015/12/10-17:09:06.597074] | INFO>> tranDesc->fielddesc新地址2000ff68, 重新分配空间后大小为4608 
Pid [31785318] | File[item.c] Function[initTranDesc] Line[197] | Message :
Time [2015/12/10-17:09:06.597091] | INFO>> 初始化域信息成功 
Pid [31785318] | File[tran.c] Function[_dealTran] Line[89] | Message :
Time [2015/12/10-17:09:06.597229] | INFO>> 位图 
Displacement  +00+01+02+03+04+05+06+07+08+09+10+11+12+13+14+15+  ++ASCII  Value++
00000(00000)   FE 41 00 40 00 00 00 00 00 00 00 00 00 00 00 01   A*@************
Pid [31785318] | File[tran.c] Function[_dealTran] Line[90] | Message :
Time [2015/12/10-17:09:06.597873] | INFO>> 报文内容 
Displacement  +00+01+02+03+04+05+06+07+08+09+10+11+12+13+14+15+  ++ASCII  Value++
00000(00000)   30 30 30 30 30 32 30 37 30 30 20 20 20 20 20 20   0000020700      
00016(00010)   20 20 20 20 20 20 20 20 20 20 20 20 20 20 20 20                   
00032(00020)   20 20 20 20 20 20 20 20 20 20 20 20 20 20 20 20                   
00048(00030)   20 20 20 20 20 20 20 20 20 20 20 20 20 20 20 20                   
00064(00040)   20 20 20 20 20 20 20 20 20 20 20 20 FE 41 00 40               A*@
00080(00050)   00 00 00 00 00 00 00 00 00 00 00 01 37 30 30 32   ************7002
00096(00060)   30 37 30 30 32 30 30 31 32 33 34 35 36 37 38 32   0700200123456782
00112(00070)   30 31 35 31 31 31 36 31 30 34 39 31 31 36 30 30   0151116104911600
00128(00080)   30 30 37 20 20 20 20 30 30 30 30 30 30 30 30 33   007    000000003
00144(00090)   36 31 34 20 20 20 20 20 20 20 20 20 20 20 20 20   614             
00160(000A0)   20 20 20 20 20 20 20 20 20 20 20 20 20 20 20 20                   
00176(000B0)   20 20 20 20 20 20 20 20 20 20 20 32 30 31 31 31              20111
00192(000C0)   31 32 38 33 32 30 30 30 30 31 30 30 30 30 34 31   1283200001000041
00208(000D0)   32 33 34 35 36 37 38                              2345678
Pid [31785318] | File[socket.c] Function[getSockInfo] Line[125] | Message :
Time [2015/12/10-17:09:06.598140] | INFO>> 本地地址端口:ip=[188.177.155.25], port=[19191] 
Pid [31785318] | File[tran.c] Function[_dealTran] Line[132] | Message :
Time [2015/12/10-17:09:06.598166] | INFO>> *******************请求流程结束******************* 
Pid [31785318] | File[tran.c] Function[_dealTran] Line[134] | Message :
Time [2015/12/10-17:09:06.598183] | INFO>> *******************应答流程开始******************* 
Pid [31785318] | File[socket.c] Function[sockRecv] Line[63] | Message :
Time [2015/12/10-17:09:09.600250] | ERR>> 套接字接收失败 
Pid [31785318] | File[tran.c] Function[_dealTran] Line[140] | Message :
Time [2015/12/10-17:09:09.600313] | ERR>> sockRecv失败 
Pid [31785318] | File[item.c] Function[destoryTranDesc] Line[221] | Message :
Time [2015/12/10-17:09:09.600333] | INFO>> 释放域内存成功 
Pid [31785318] | File[item.c] Function[destoryTranDesc] Line[229] | Message :
Time [2015/12/10-17:09:09.600350] | INFO>> 释放域值内存成功 
Pid [31785318] | File[item.c] Function[destoryTranDesc] Line[237] | Message :
Time [2015/12/10-17:09:09.600365] | INFO>> 释放交易内存成功 
Pid [31785318] | File[tran.c] Function[dealTran] Line[15] | Message :
Time [2015/12/10-17:09:09.600382] | ERR>> #############交易失败############ 
