Pid [49217818] | File[tran.c] Function[_dealTran] Line[43] | Message :
Time [2015/12/11-11:43:29.972068] | INFO>> *******************请求流程开始******************* 
Pid [49217818] | File[item.c] Function[initTranDesc] Line[154] | Message :
Time [2015/12/11-11:43:29.972186] | INFO>> 交易描述结构分配内存成功 
Pid [49217818] | File[item.c] Function[initTranDesc] Line[171] | Message :
Time [2015/12/11-11:43:29.972206] | INFO>> 域描述结构分配内存成功 
Pid [49217818] | File[item.c] Function[initTranDesc] Line[182] | Message :
Time [2015/12/11-11:43:29.972222] | INFO>> 数据存储区分配内存成功 
Pid [49217818] | File[item.c] Function[fillFieldInfo] Line[124] | Message :
Time [2015/12/11-11:43:29.972274] | INFO>> tranDesc->fielddesc新地址2000ff68, 重新分配空间后大小为3072 
Pid [49217818] | File[item.c] Function[fillFieldInfo] Line[124] | Message :
Time [2015/12/11-11:43:29.972322] | INFO>> tranDesc->fielddesc新地址2000ff68, 重新分配空间后大小为4608 
Pid [49217818] | File[item.c] Function[initTranDesc] Line[197] | Message :
Time [2015/12/11-11:43:29.972339] | INFO>> 初始化域信息成功 
Pid [49217818] | File[tran.c] Function[_dealTran] Line[89] | Message :
Time [2015/12/11-11:43:29.972490] | INFO>> 位图 
Displacement  +00+01+02+03+04+05+06+07+08+09+10+11+12+13+14+15+  ++ASCII  Value++
00000(00000)   FE 41 00 40 03 80 80 00 30 00 00 00 00 00 00 28   A*@**0******(
Pid [49217818] | File[tran.c] Function[_dealTran] Line[90] | Message :
Time [2015/12/11-11:43:29.973283] | INFO>> 报文内容 
Displacement  +00+01+02+03+04+05+06+07+08+09+10+11+12+13+14+15+  ++ASCII  Value++
00000(00000)   30 30 30 30 30 32 37 31 30 30 20 20 20 20 20 20   0000027100      
00016(00010)   20 20 20 20 20 20 20 20 20 20 20 20 20 20 20 20                   
00032(00020)   20 20 20 20 20 20 20 20 20 20 20 20 20 20 20 20                   
00048(00030)   20 20 20 20 20 20 20 20 20 20 20 20 20 20 20 20                   
00064(00040)   20 20 20 20 20 20 20 20 20 20 20 20 FE 41 00 40               A*@
00080(00050)   03 80 80 00 30 00 00 00 00 00 00 28 37 30 30 32   **0******(7002
00096(00060)   30 37 30 30 32 30 30 31 32 33 34 35 36 37 38 32   0700200123456782
00112(00070)   30 31 35 31 31 31 36 31 30 34 39 31 31 36 30 30   0151116104911600
00128(00080)   30 30 37 20 20 20 20 30 30 30 30 30 30 30 30 33   007    000000003
00144(00090)   36 30 35 20 20 20 20 20 20 20 20 20 20 20 20 20   605             
00160(000A0)   20 20 20 20 20 20 20 20 20 20 20 20 20 20 20 20                   
00176(000B0)   20 20 20 20 20 20 20 20 20 20 20 32 30 31 31 31              20111
00192(000C0)   31 32 38 33 32 30 30 30 30 31 30 30 30 30 31 30   1283200001000010
00208(000D0)   30 30 30 30 30 30 30 31 30 30 30 30 2E 30 30 30   000000010000.000
00224(000E0)   30 30 30 30 30 30 30 30 36 36 36 36 2E 30 30 30   000000006666.000
00240(000F0)   30 30 30 30 30 30 30 30 33 33 33 33 2E 30 30 30   000000003333.000
00256(00100)   30 30 39 31 30 30 30 38 CE B4 D6 AA D4 AD D2 F2   00910008未知原因
00272(00110)   30 30 34 CE B4 D6 AA                              004未知
Pid [49217818] | File[socket.c] Function[getSockInfo] Line[125] | Message :
Time [2015/12/11-11:43:29.973569] | INFO>> 本地地址端口:ip=[188.177.155.25], port=[30197] 
Pid [49217818] | File[tran.c] Function[_dealTran] Line[132] | Message :
Time [2015/12/11-11:43:29.973598] | INFO>> *******************请求流程结束******************* 
Pid [49217818] | File[tran.c] Function[_dealTran] Line[134] | Message :
Time [2015/12/11-11:43:29.973616] | INFO>> *******************应答流程开始******************* 
Pid [49217818] | File[socket.c] Function[sockRecv] Line[81] | Message :
Time [2015/12/11-11:43:29.987341] | INFO>> iDataLen[204], iHeadLen[8], iReadLen[212] 
Pid [49217818] | File[socket.c] Function[sockRecv] Line[85] | Message :
Time [2015/12/11-11:43:29.987369] | INFO>> 接收到的报文: 
Displacement  +00+01+02+03+04+05+06+07+08+09+10+11+12+13+14+15+  ++ASCII  Value++
00000(00000)   30 30 30 30 30 32 30 34 30 30 20 20 20 20 20 20   0000020400      
00016(00010)   20 20 20 20 20 20 20 20 20 20 20 20 20 20 20 20                   
00032(00020)   20 20 20 20 20 20 20 20 20 20 20 20 20 20 20 20                   
00048(00030)   20 20 20 20 20 20 20 20 20 20 20 20 20 20 20 20                   
00064(00040)   20 20 20 20 20 20 20 20 20 20 20 20 FE 59 00 00               Y**
00080(00050)   00 00 00 00 00 00 00 00 00 00 00 04 37 30 30 32   ************7002
00096(00060)   30 37 30 30 32 30 30 31 32 33 34 35 36 37 38 32   0700200123456782
00112(00070)   30 31 35 31 32 31 31 31 31 34 33 32 39 36 30 30   0151211114329600
00128(00080)   30 30 37 20 20 20 20 30 30 30 30 30 30 30 30 30   007    000000000
00144(00090)   30 30 30 20 20 20 20 20 20 20 20 20 20 20 20 20   000             
00160(000A0)   20 20 20 20 20 20 20 20 20 20 20 20 20 20 20 20                   
00176(000B0)   20 20 20 20 20 20 20 20 20 20 20 20 20 20 20 20                   
00192(000C0)   20 20 20 20 20 33 36 30 35 30 30 38 31 32 30 35        36050081205
00208(000D0)   32 37 30 36                                       2706
Pid [49217818] | File[tran.c] Function[doUnPackTran] Line[310] | Message :
Time [2015/12/11-11:43:29.987532] | INFO>> 8583报文传入长度[136] 
Pid [49217818] | File[tran.c] Function[doUnPackTran] Line[364] | Message :
Time [2015/12/11-11:43:29.987563] | INFO>> 8583报文实际解包长度长度[136] 
Pid [49217818] | File[tran.c] Function[_dealTran] Line[181] | Message :
Time [2015/12/11-11:43:29.987580] | INFO>> 0000 
Pid [49217818] | File[item.c] Function[printTranDesc] Line[435] | Message :
Time [2015/12/11-11:43:29.987620] | INFO>> 域[2] 
Displacement  +00+01+02+03+04+05+06+07+08+09+10+11+12+13+14+15+  ++ASCII  Value++
00000(00000)   37 30 30 32 30                                    70020
Pid [49217818] | File[item.c] Function[printTranDesc] Line[435] | Message :
Time [2015/12/11-11:43:29.987693] | INFO>> 域[3] 
Displacement  +00+01+02+03+04+05+06+07+08+09+10+11+12+13+14+15+  ++ASCII  Value++
00000(00000)   37 30 30 32 30                                    70020
Pid [49217818] | File[item.c] Function[printTranDesc] Line[435] | Message :
Time [2015/12/11-11:43:29.987749] | INFO>> 域[4] 
Displacement  +00+01+02+03+04+05+06+07+08+09+10+11+12+13+14+15+  ++ASCII  Value++
00000(00000)   30 31 32 33 34 35 36 37 38                        012345678
Pid [49217818] | File[item.c] Function[printTranDesc] Line[435] | Message :
Time [2015/12/11-11:43:29.987804] | INFO>> 域[5] 
Displacement  +00+01+02+03+04+05+06+07+08+09+10+11+12+13+14+15+  ++ASCII  Value++
00000(00000)   32 30 31 35 31 32 31 31                           20151211
Pid [49217818] | File[item.c] Function[printTranDesc] Line[435] | Message :
Time [2015/12/11-11:43:29.987860] | INFO>> 域[6] 
Displacement  +00+01+02+03+04+05+06+07+08+09+10+11+12+13+14+15+  ++ASCII  Value++
00000(00000)   31 31 34 33 32 39                                 114329
Pid [49217818] | File[item.c] Function[printTranDesc] Line[435] | Message :
Time [2015/12/11-11:43:29.987914] | INFO>> 域[7] 
Displacement  +00+01+02+03+04+05+06+07+08+09+10+11+12+13+14+15+  ++ASCII  Value++
00000(00000)   36 30 30 30 30 37                                 600007
Pid [49217818] | File[item.c] Function[printTranDesc] Line[435] | Message :
Time [2015/12/11-11:43:29.987969] | INFO>> 域[10] 
Displacement  +00+01+02+03+04+05+06+07+08+09+10+11+12+13+14+15+  ++ASCII  Value++
00000(00000)   20 20 20 20 30 30 30 30 30 30 30 30                   00000000
Pid [49217818] | File[item.c] Function[printTranDesc] Line[435] | Message :
Time [2015/12/11-11:43:29.988042] | INFO>> 域[12] 
Displacement  +00+01+02+03+04+05+06+07+08+09+10+11+12+13+14+15+  ++ASCII  Value++
00000(00000)   30 30 30 30                                       0000
Pid [49217818] | File[item.c] Function[printTranDesc] Line[435] | Message :
Time [2015/12/11-11:43:29.988098] | INFO>> 域[13] 
Displacement  +00+01+02+03+04+05+06+07+08+09+10+11+12+13+14+15+  ++ASCII  Value++
00000(00000)   20 20 20 20 20 20 20 20 20 20 20 20 20 20 20 20                   
00016(00010)   20 20 20 20 20 20 20 20 20 20 20 20 20 20 20 20                   
00032(00020)   20 20 20 20 20 20 20 20 20 20 20 20 20 20 20 20                   
00048(00030)   20 20                                               
Pid [49217818] | File[item.c] Function[printTranDesc] Line[435] | Message :
Time [2015/12/11-11:43:29.988171] | INFO>> 域[16] 
Displacement  +00+01+02+03+04+05+06+07+08+09+10+11+12+13+14+15+  ++ASCII  Value++
00000(00000)   33 36 30 35                                       3605
Pid [49217818] | File[item.c] Function[printTranDesc] Line[435] | Message :
Time [2015/12/11-11:43:29.988228] | INFO>> 域[126] 
Displacement  +00+01+02+03+04+05+06+07+08+09+10+11+12+13+14+15+  ++ASCII  Value++
00000(00000)   31 32 30 35 32 37 30 36                           12052706
Pid [49217818] | File[item.c] Function[destoryTranDesc] Line[221] | Message :
Time [2015/12/11-11:43:29.988284] | INFO>> 释放域内存成功 
Pid [49217818] | File[item.c] Function[destoryTranDesc] Line[229] | Message :
Time [2015/12/11-11:43:29.988300] | INFO>> 释放域值内存成功 
Pid [49217818] | File[item.c] Function[destoryTranDesc] Line[237] | Message :
Time [2015/12/11-11:43:29.988315] | INFO>> 释放交易内存成功 
Pid [49217818] | File[tran.c] Function[_dealTran] Line[195] | Message :
Time [2015/12/11-11:43:29.988331] | INFO>> *******************应答流程结束******************* 
