Pid [55902512] | File[tran.c] Function[_dealTran] Line[43] | Message :
Time [2015/12/14-10:04:09.680310] | INFO>> *******************请求流程开始******************* 
Pid [55902512] | File[item.c] Function[initTranDesc] Line[154] | Message :
Time [2015/12/14-10:04:09.680439] | INFO>> 交易描述结构分配内存成功 
Pid [55902512] | File[item.c] Function[initTranDesc] Line[171] | Message :
Time [2015/12/14-10:04:09.680471] | INFO>> 域描述结构分配内存成功 
Pid [55902512] | File[item.c] Function[initTranDesc] Line[182] | Message :
Time [2015/12/14-10:04:09.680487] | INFO>> 数据存储区分配内存成功 
Pid [55902512] | File[item.c] Function[fillFieldInfo] Line[124] | Message :
Time [2015/12/14-10:04:09.680539] | INFO>> tranDesc->fielddesc新地址2000ff68, 重新分配空间后大小为3072 
Pid [55902512] | File[item.c] Function[fillFieldInfo] Line[124] | Message :
Time [2015/12/14-10:04:09.680587] | INFO>> tranDesc->fielddesc新地址2000ff68, 重新分配空间后大小为4608 
Pid [55902512] | File[item.c] Function[initTranDesc] Line[197] | Message :
Time [2015/12/14-10:04:09.680604] | INFO>> 初始化域信息成功 
Pid [55902512] | File[tran.c] Function[_dealTran] Line[66] | Message :
Time [2015/12/14-10:04:09.680699] | ERR>> readTranInfoConfig fail 
Pid [55902512] | File[item.c] Function[destoryTranDesc] Line[221] | Message :
Time [2015/12/14-10:04:09.680715] | INFO>> 释放域内存成功 
Pid [55902512] | File[item.c] Function[destoryTranDesc] Line[229] | Message :
Time [2015/12/14-10:04:09.680731] | INFO>> 释放域值内存成功 
Pid [55902512] | File[item.c] Function[destoryTranDesc] Line[237] | Message :
Time [2015/12/14-10:04:09.680747] | INFO>> 释放交易内存成功 
Pid [55902512] | File[tran.c] Function[dealTran] Line[15] | Message :
Time [2015/12/14-10:04:09.680762] | ERR>> #############交易失败############ 
