Pid [24969606] | File[tran.c] Function[_dealTran] Line[43] | Message :
Time [2015/12/14-09:05:36.890138] | INFO>> *******************请求流程开始******************* 
Pid [24969606] | File[item.c] Function[initTranDesc] Line[154] | Message :
Time [2015/12/14-09:05:36.890260] | INFO>> 交易描述结构分配内存成功 
Pid [24969606] | File[item.c] Function[initTranDesc] Line[171] | Message :
Time [2015/12/14-09:05:36.890279] | INFO>> 域描述结构分配内存成功 
Pid [24969606] | File[item.c] Function[initTranDesc] Line[182] | Message :
Time [2015/12/14-09:05:36.890295] | INFO>> 数据存储区分配内存成功 
Pid [24969606] | File[item.c] Function[fillFieldInfo] Line[124] | Message :
Time [2015/12/14-09:05:36.890349] | INFO>> tranDesc->fielddesc新地址2000ff68, 重新分配空间后大小为3072 
Pid [24969606] | File[item.c] Function[fillFieldInfo] Line[124] | Message :
Time [2015/12/14-09:05:36.890396] | INFO>> tranDesc->fielddesc新地址2000ff68, 重新分配空间后大小为4608 
Pid [24969606] | File[item.c] Function[initTranDesc] Line[197] | Message :
Time [2015/12/14-09:05:36.890413] | INFO>> 初始化域信息成功 
Pid [24969606] | File[tran.c] Function[_dealTran] Line[89] | Message :
Time [2015/12/14-09:05:36.890549] | INFO>> 位图 
Displacement  +00+01+02+03+04+05+06+07+08+09+10+11+12+13+14+15+  ++ASCII  Value++
00000(00000)   FE 41 00 00 00 18 00 00 30 00 00 00 00 00 00 00   A******0*******
Pid [24969606] | File[tran.c] Function[_dealTran] Line[90] | Message :
Time [2015/12/14-09:05:36.891240] | INFO>> 报文内容 
Displacement  +00+01+02+03+04+05+06+07+08+09+10+11+12+13+14+15+  ++ASCII  Value++
00000(00000)   30 30 30 30 30 31 35 37 30 30 20 20 20 20 20 20   0000015700      
00016(00010)   20 20 20 20 20 20 20 20 20 20 20 20 20 20 20 20                   
00032(00020)   20 20 20 20 20 20 20 20 20 20 20 20 20 20 20 20                   
00048(00030)   20 20 20 20 20 20 20 20 20 20 20 20 20 20 20 20                   
00064(00040)   20 20 20 20 20 20 20 20 20 20 20 20 FE 41 00 00               A**
00080(00050)   00 18 00 00 30 00 00 00 00 00 00 00 37 30 30 32   ****0*******7002
00096(00060)   30 37 30 30 32 30 30 31 32 33 34 35 36 37 38 32   0700200123456782
00112(00070)   30 31 35 31 31 31 36 31 30 34 39 31 31 36 30 30   0151116104911600
00128(00080)   30 30 37 20 20 20 20 30 30 30 30 30 30 30 30 33   007    000000003
00144(00090)   36 30 33 32 30 31 35 31 31 32 35 32 30 31 35 31   6032015112520151
00160(000A0)   31 32 36 20 20                                    126  
Pid [24969606] | File[socket.c] Function[getSockInfo] Line[125] | Message :
Time [2015/12/14-09:05:36.891485] | INFO>> 本地地址端口:ip=[188.177.155.25], port=[41693] 
Pid [24969606] | File[tran.c] Function[_dealTran] Line[132] | Message :
Time [2015/12/14-09:05:36.891512] | INFO>> *******************请求流程结束******************* 
Pid [24969606] | File[tran.c] Function[_dealTran] Line[134] | Message :
Time [2015/12/14-09:05:36.891529] | INFO>> *******************应答流程开始******************* 
Pid [24969606] | File[socket.c] Function[sockRecv] Line[81] | Message :
Time [2015/12/14-09:05:36.988125] | INFO>> iDataLen[264], iHeadLen[8], iReadLen[272] 
Pid [24969606] | File[socket.c] Function[sockRecv] Line[85] | Message :
Time [2015/12/14-09:05:36.988153] | INFO>> 接收到的报文: 
Displacement  +00+01+02+03+04+05+06+07+08+09+10+11+12+13+14+15+  ++ASCII  Value++
00000(00000)   30 30 30 30 30 32 36 34 30 30 20 20 20 20 20 20   0000026400      
00016(00010)   20 20 20 20 20 20 20 20 20 20 20 20 20 20 20 20                   
00032(00020)   20 20 20 20 20 20 20 20 20 20 20 20 20 20 20 20                   
00048(00030)   20 20 20 20 20 20 20 20 20 20 20 20 20 20 20 20                   
00064(00040)   20 20 20 20 20 20 20 20 20 20 20 20 FE 59 00 00               Y**
00080(00050)   00 00 00 00 00 00 80 00 00 00 00 04 37 30 30 32   ***********7002
00096(00060)   30 37 30 30 32 30 30 31 32 33 34 35 36 37 38 32   0700200123456782
00112(00070)   30 31 35 31 32 31 34 30 39 30 35 33 36 36 30 30   0151214090536600
00128(00080)   30 30 37 20 20 20 20 30 30 30 30 30 30 30 30 30   007    000000000
00144(00090)   30 30 30 20 20 20 20 20 20 20 20 20 20 20 20 20   000             
00160(000A0)   20 20 20 20 20 20 20 20 20 20 20 20 20 20 20 20                   
00176(000B0)   20 20 20 20 20 20 20 20 20 20 20 20 20 20 20 20                   
00192(000C0)   20 20 20 20 20 33 36 30 31 32 30 31 35 31 32 31        36012015121
00208(000D0)   34 31 32 30 35 32 37 31 32 2E 74 78 74 20 20 20   412052712.txt   
00224(000E0)   20 20 20 20 20 20 20 20 20 20 20 20 20 20 20 20                   
00240(000F0)   20 20 20 20 20 20 20 20 20 20 20 20 20 20 20 20                   
00256(00100)   20 20 20 20 20 30 30 38 31 32 30 35 32 37 31 32        00812052712
Pid [24969606] | File[tran.c] Function[doUnPackTran] Line[310] | Message :
Time [2015/12/14-09:05:36.988327] | INFO>> 8583报文传入长度[196] 
Pid [24969606] | File[tran.c] Function[doUnPackTran] Line[364] | Message :
Time [2015/12/14-09:05:36.988361] | INFO>> 8583报文实际解包长度长度[196] 
Pid [24969606] | File[tran.c] Function[_dealTran] Line[181] | Message :
Time [2015/12/14-09:05:36.988377] | INFO>> 0000 
Pid [24969606] | File[item.c] Function[printTranDesc] Line[435] | Message :
Time [2015/12/14-09:05:36.988434] | INFO>> 域[2] 
Displacement  +00+01+02+03+04+05+06+07+08+09+10+11+12+13+14+15+  ++ASCII  Value++
00000(00000)   37 30 30 32 30                                    70020
Pid [24969606] | File[item.c] Function[printTranDesc] Line[435] | Message :
Time [2015/12/14-09:05:36.988491] | INFO>> 域[3] 
Displacement  +00+01+02+03+04+05+06+07+08+09+10+11+12+13+14+15+  ++ASCII  Value++
00000(00000)   37 30 30 32 30                                    70020
Pid [24969606] | File[item.c] Function[printTranDesc] Line[435] | Message :
Time [2015/12/14-09:05:36.988546] | INFO>> 域[4] 
Displacement  +00+01+02+03+04+05+06+07+08+09+10+11+12+13+14+15+  ++ASCII  Value++
00000(00000)   30 31 32 33 34 35 36 37 38                        012345678
Pid [24969606] | File[item.c] Function[printTranDesc] Line[435] | Message :
Time [2015/12/14-09:05:36.988601] | INFO>> 域[5] 
Displacement  +00+01+02+03+04+05+06+07+08+09+10+11+12+13+14+15+  ++ASCII  Value++
00000(00000)   32 30 31 35 31 32 31 34                           20151214
Pid [24969606] | File[item.c] Function[printTranDesc] Line[435] | Message :
Time [2015/12/14-09:05:36.988656] | INFO>> 域[6] 
Displacement  +00+01+02+03+04+05+06+07+08+09+10+11+12+13+14+15+  ++ASCII  Value++
00000(00000)   30 39 30 35 33 36                                 090536
Pid [24969606] | File[item.c] Function[printTranDesc] Line[435] | Message :
Time [2015/12/14-09:05:36.988711] | INFO>> 域[7] 
Displacement  +00+01+02+03+04+05+06+07+08+09+10+11+12+13+14+15+  ++ASCII  Value++
00000(00000)   36 30 30 30 30 37                                 600007
Pid [24969606] | File[item.c] Function[printTranDesc] Line[435] | Message :
Time [2015/12/14-09:05:36.988766] | INFO>> 域[10] 
Displacement  +00+01+02+03+04+05+06+07+08+09+10+11+12+13+14+15+  ++ASCII  Value++
00000(00000)   20 20 20 20 30 30 30 30 30 30 30 30                   00000000
Pid [24969606] | File[item.c] Function[printTranDesc] Line[435] | Message :
Time [2015/12/14-09:05:36.988832] | INFO>> 域[12] 
Displacement  +00+01+02+03+04+05+06+07+08+09+10+11+12+13+14+15+  ++ASCII  Value++
00000(00000)   30 30 30 30                                       0000
Pid [24969606] | File[item.c] Function[printTranDesc] Line[435] | Message :
Time [2015/12/14-09:05:36.988887] | INFO>> 域[13] 
Displacement  +00+01+02+03+04+05+06+07+08+09+10+11+12+13+14+15+  ++ASCII  Value++
00000(00000)   20 20 20 20 20 20 20 20 20 20 20 20 20 20 20 20                   
00016(00010)   20 20 20 20 20 20 20 20 20 20 20 20 20 20 20 20                   
00032(00020)   20 20 20 20 20 20 20 20 20 20 20 20 20 20 20 20                   
00048(00030)   20 20                                               
Pid [24969606] | File[item.c] Function[printTranDesc] Line[435] | Message :
Time [2015/12/14-09:05:36.988951] | INFO>> 域[16] 
Displacement  +00+01+02+03+04+05+06+07+08+09+10+11+12+13+14+15+  ++ASCII  Value++
00000(00000)   33 36 30 31                                       3601
Pid [24969606] | File[item.c] Function[printTranDesc] Line[435] | Message :
Time [2015/12/14-09:05:36.989018] | INFO>> 域[81] 
Displacement  +00+01+02+03+04+05+06+07+08+09+10+11+12+13+14+15+  ++ASCII  Value++
00000(00000)   32 30 31 35 31 32 31 34 31 32 30 35 32 37 31 32   2015121412052712
00016(00010)   2E 74 78 74 20 20 20 20 20 20 20 20 20 20 20 20   .txt            
00032(00020)   20 20 20 20 20 20 20 20 20 20 20 20 20 20 20 20                   
00048(00030)   20 20 20 20 20 20 20 20 20 20 20 20                           
Pid [24969606] | File[item.c] Function[printTranDesc] Line[435] | Message :
Time [2015/12/14-09:05:36.989086] | INFO>> 域[126] 
Displacement  +00+01+02+03+04+05+06+07+08+09+10+11+12+13+14+15+  ++ASCII  Value++
00000(00000)   31 32 30 35 32 37 31 32                           12052712
Pid [24969606] | File[item.c] Function[destoryTranDesc] Line[221] | Message :
Time [2015/12/14-09:05:36.989152] | INFO>> 释放域内存成功 
Pid [24969606] | File[item.c] Function[destoryTranDesc] Line[229] | Message :
Time [2015/12/14-09:05:36.989168] | INFO>> 释放域值内存成功 
Pid [24969606] | File[item.c] Function[destoryTranDesc] Line[237] | Message :
Time [2015/12/14-09:05:36.989183] | INFO>> 释放交易内存成功 
Pid [24969606] | File[tran.c] Function[_dealTran] Line[195] | Message :
Time [2015/12/14-09:05:36.989199] | INFO>> *******************应答流程结束******************* 
