Pid [66650154] | File[tran.c] Function[_dealTran] Line[43] | Message :
Time [2015/12/15-09:22:47.682634] | INFO>> *******************请求流程开始******************* 
Pid [66650154] | File[item.c] Function[initTranDesc] Line[154] | Message :
Time [2015/12/15-09:22:47.682757] | INFO>> 交易描述结构分配内存成功 
Pid [66650154] | File[item.c] Function[initTranDesc] Line[171] | Message :
Time [2015/12/15-09:22:47.682776] | INFO>> 域描述结构分配内存成功 
Pid [66650154] | File[item.c] Function[initTranDesc] Line[182] | Message :
Time [2015/12/15-09:22:47.682793] | INFO>> 数据存储区分配内存成功 
Pid [66650154] | File[item.c] Function[fillFieldInfo] Line[124] | Message :
Time [2015/12/15-09:22:47.682844] | INFO>> tranDesc->fielddesc新地址2000ff68, 重新分配空间后大小为3072 
Pid [66650154] | File[item.c] Function[fillFieldInfo] Line[124] | Message :
Time [2015/12/15-09:22:47.682891] | INFO>> tranDesc->fielddesc新地址2000ff68, 重新分配空间后大小为4608 
Pid [66650154] | File[item.c] Function[initTranDesc] Line[197] | Message :
Time [2015/12/15-09:22:47.682908] | INFO>> 初始化域信息成功 
Pid [66650154] | File[tran.c] Function[_dealTran] Line[66] | Message :
Time [2015/12/15-09:22:47.683004] | ERR>> readTranInfoConfig fail 
Pid [66650154] | File[item.c] Function[destoryTranDesc] Line[221] | Message :
Time [2015/12/15-09:22:47.683021] | INFO>> 释放域内存成功 
Pid [66650154] | File[item.c] Function[destoryTranDesc] Line[229] | Message :
Time [2015/12/15-09:22:47.683037] | INFO>> 释放域值内存成功 
Pid [66650154] | File[item.c] Function[destoryTranDesc] Line[237] | Message :
Time [2015/12/15-09:22:47.683070] | INFO>> 释放交易内存成功 
Pid [66650154] | File[tran.c] Function[dealTran] Line[15] | Message :
Time [2015/12/15-09:22:47.683087] | ERR>> #############交易失败############ 
